<?xml version="1.0" encoding="UTF-8"?>
<!-- Generated by org.testng.reporters.JUnitXMLReporter -->
<testsuite ignored="25" hostname="DESKTOP-4SQ843T" failures="1" tests="1" name="Default test" time="13.195" errors="0" timestamp="2023-01-07T23:20:25 PKT">
  <testcase classname="Tests.ProfileTesting" name="Serachbar" time="13.1">
    <failure type="org.openqa.selenium.NoSuchElementException" message="no such element: Unable to locate element: {&amp;quot;method&amp;quot;:&amp;quot;css selector&amp;quot;,&amp;quot;selector&amp;quot;:&amp;quot;.wishlist\-link\ is\-small&amp;quot;}
  (Session info: chrome=108.0.5359.125)
For documentation on this error, please visit: https://www.seleniumhq.org/exceptions/no_such_element.html
Build info: version: &amp;apos;3.141.59&amp;apos;, revision: &amp;apos;e82be7d358&amp;apos;, time: &amp;apos;2018-11-14T08:17:03&amp;apos;
System info: host: &amp;apos;DESKTOP-4SQ843T&amp;apos;, ip: &amp;apos;192.168.100.7&amp;apos;, os.name: &amp;apos;Windows 10&amp;apos;, os.arch: &amp;apos;amd64&amp;apos;, os.version: &amp;apos;10.0&amp;apos;, java.version: &amp;apos;17.0.5&amp;apos;
Driver info: org.openqa.selenium.chrome.ChromeDriver
Capabilities {acceptInsecureCerts: false, browserName: chrome, browserVersion: 108.0.5359.125, chrome: {chromedriverVersion: 108.0.5359.71 (1e0e3868ee06..., userDataDir: C:\Users\Mahnoor\AppData\Lo...}, goog:chromeOptions: {debuggerAddress: localhost:51609}, javascriptEnabled: true, networkConnectionEnabled: false, pageLoadStrategy: normal, platform: WINDOWS, platformName: WINDOWS, proxy: Proxy(), setWindowRect: true, strictFileInteractability: false, timeouts: {implicit: 0, pageLoad: 300000, script: 30000}, unhandledPromptBehavior: dismiss and notify, webauthn:extension:credBlob: true, webauthn:extension:largeBlob: true, webauthn:virtualAuthenticators: true}
Session ID: 1f351ca0307acaf882de8caffe93c8a5
*** Element info: {Using=class name, value=wishlist-link is-small}">
      <![CDATA[org.openqa.selenium.NoSuchElementException: no such element: Unable to locate element: {"method":"css selector","selector":".wishlist\-link\ is\-small"}
  (Session info: chrome=108.0.5359.125)
For documentation on this error, please visit: https://www.seleniumhq.org/exceptions/no_such_element.html
Build info: version: '3.141.59', revision: 'e82be7d358', time: '2018-11-14T08:17:03'
System info: host: 'DESKTOP-4SQ843T', ip: '192.168.100.7', os.name: 'Windows 10', os.arch: 'amd64', os.version: '10.0', java.version: '17.0.5'
Driver info: org.openqa.selenium.chrome.ChromeDriver
Capabilities {acceptInsecureCerts: false, browserName: chrome, browserVersion: 108.0.5359.125, chrome: {chromedriverVersion: 108.0.5359.71 (1e0e3868ee06..., userDataDir: C:\Users\Mahnoor\AppData\Lo...}, goog:chromeOptions: {debuggerAddress: localhost:51609}, javascriptEnabled: true, networkConnectionEnabled: false, pageLoadStrategy: normal, platform: WINDOWS, platformName: WINDOWS, proxy: Proxy(), setWindowRect: true, strictFileInteractability: false, timeouts: {implicit: 0, pageLoad: 300000, script: 30000}, unhandledPromptBehavior: dismiss and notify, webauthn:extension:credBlob: true, webauthn:extension:largeBlob: true, webauthn:virtualAuthenticators: true}
Session ID: 1f351ca0307acaf882de8caffe93c8a5
*** Element info: {Using=class name, value=wishlist-link is-small}
at java.base/jdk.internal.reflect.NativeConstructorAccessorImpl.newInstance0(Native Method)
at java.base/jdk.internal.reflect.NativeConstructorAccessorImpl.newInstance(NativeConstructorAccessorImpl.java:77)
at java.base/jdk.internal.reflect.DelegatingConstructorAccessorImpl.newInstance(DelegatingConstructorAccessorImpl.java:45)
at java.base/java.lang.reflect.Constructor.newInstanceWithCaller(Constructor.java:499)
at java.base/java.lang.reflect.Constructor.newInstance(Constructor.java:480)
at org.openqa.selenium.remote.http.W3CHttpResponseCodec.createException(W3CHttpResponseCodec.java:187)
at org.openqa.selenium.remote.http.W3CHttpResponseCodec.decode(W3CHttpResponseCodec.java:122)
at org.openqa.selenium.remote.http.W3CHttpResponseCodec.decode(W3CHttpResponseCodec.java:49)
at org.openqa.selenium.remote.HttpCommandExecutor.execute(HttpCommandExecutor.java:158)
at org.openqa.selenium.remote.service.DriverCommandExecutor.execute(DriverCommandExecutor.java:83)
at org.openqa.selenium.remote.RemoteWebDriver.execute(RemoteWebDriver.java:552)
at org.openqa.selenium.remote.RemoteWebDriver.findElement(RemoteWebDriver.java:323)
at org.openqa.selenium.remote.RemoteWebDriver.findElementByClassName(RemoteWebDriver.java:412)
at org.openqa.selenium.By$ByClassName.findElement(By.java:389)
at org.openqa.selenium.remote.RemoteWebDriver.findElement(RemoteWebDriver.java:315)
at Tests.ProfileTesting.Serachbar(ProfileTesting.java:82)
at java.base/jdk.internal.reflect.NativeMethodAccessorImpl.invoke0(Native Method)
at java.base/jdk.internal.reflect.NativeMethodAccessorImpl.invoke(NativeMethodAccessorImpl.java:77)
at java.base/jdk.internal.reflect.DelegatingMethodAccessorImpl.invoke(DelegatingMethodAccessorImpl.java:43)
at java.base/java.lang.reflect.Method.invoke(Method.java:568)
at org.testng.internal.MethodInvocationHelper.invokeMethod(MethodInvocationHelper.java:133)
at org.testng.internal.TestInvoker.invokeMethod(TestInvoker.java:598)
at org.testng.internal.TestInvoker.invokeTestMethod(TestInvoker.java:173)
at org.testng.internal.MethodRunner.runInSequence(MethodRunner.java:46)
at org.testng.internal.TestInvoker$MethodInvocationAgent.invoke(TestInvoker.java:824)
at org.testng.internal.TestInvoker.invokeTestMethods(TestInvoker.java:146)
at org.testng.internal.TestMethodWorker.invokeTestMethods(TestMethodWorker.java:146)
at org.testng.internal.TestMethodWorker.run(TestMethodWorker.java:128)
at java.base/java.util.ArrayList.forEach(ArrayList.java:1511)
at org.testng.TestRunner.privateRun(TestRunner.java:794)
at org.testng.TestRunner.run(TestRunner.java:596)
at org.testng.SuiteRunner.runTest(SuiteRunner.java:377)
at org.testng.SuiteRunner.runSequentially(SuiteRunner.java:371)
at org.testng.SuiteRunner.privateRun(SuiteRunner.java:332)
at org.testng.SuiteRunner.run(SuiteRunner.java:276)
at org.testng.SuiteRunnerWorker.runSuite(SuiteRunnerWorker.java:53)
at org.testng.SuiteRunnerWorker.run(SuiteRunnerWorker.java:96)
at org.testng.TestNG.runSuitesSequentially(TestNG.java:1212)
at org.testng.TestNG.runSuitesLocally(TestNG.java:1134)
at org.testng.TestNG.runSuites(TestNG.java:1063)
at org.testng.TestNG.run(TestNG.java:1031)
at org.testng.remote.AbstractRemoteTestNG.run(AbstractRemoteTestNG.java:115)
at org.testng.remote.RemoteTestNG.initAndRun(RemoteTestNG.java:251)
at org.testng.remote.RemoteTestNG.main(RemoteTestNG.java:77)
]]>
    </failure>
  </testcase> <!-- Serachbar -->
  <testcase classname="Tests.ProfileTesting" name="SelectOptionsOfProduct" time="0.0">
    <ignored/>
  </testcase> <!-- SelectOptionsOfProduct -->
  <testcase classname="Tests.ProfileTesting" name="DeleteFromWishlist" time="0.0">
    <ignored/>
  </testcase> <!-- DeleteFromWishlist -->
  <testcase classname="Tests.ProfileTesting" name="Login" time="0.0">
    <ignored/>
  </testcase> <!-- Login -->
  <testcase classname="Tests.ProfileTesting" name="AddToCartFromProductDetails" time="0.0">
    <ignored/>
  </testcase> <!-- AddToCartFromProductDetails -->
  <testcase classname="Tests.ProfileTesting" name="DeleteProductFromCart" time="0.0">
    <ignored/>
  </testcase> <!-- DeleteProductFromCart -->
  <testcase classname="Tests.ProfileTesting" name="BrowseToWishlist" time="0.0">
    <ignored/>
  </testcase> <!-- BrowseToWishlist -->
  <testcase classname="Tests.ProfileTesting" name="QuantityOfProduct" time="0.0">
    <ignored/>
  </testcase> <!-- QuantityOfProduct -->
  <testcase classname="Tests.ProfileTesting" name="ProductQuickView" time="0.0">
    <ignored/>
  </testcase> <!-- ProductQuickView -->
  <testcase classname="Tests.ProfileTesting" name="AddToWishlist" time="0.0">
    <ignored/>
  </testcase> <!-- AddToWishlist -->
  <testcase classname="Tests.ProfileTesting" name="AddToCartFromQuickView" time="0.0">
    <ignored/>
  </testcase> <!-- AddToCartFromQuickView -->
  <testcase classname="Tests.ProfileTesting" name="IncrementProductInCart" time="0.0">
    <ignored/>
  </testcase> <!-- IncrementProductInCart -->
  <testcase classname="Tests.ProfileTesting" name="ViewCartFromTopNav" time="0.0">
    <ignored/>
  </testcase> <!-- ViewCartFromTopNav -->
  <testcase classname="Tests.ProfileTesting" name="SideNavFilter" time="0.0">
    <ignored/>
  </testcase> <!-- SideNavFilter -->
  <testcase classname="Tests.ProfileTesting" name="LaunchApp" time="0.0">
    <ignored/>
  </testcase> <!-- LaunchApp -->
  <testcase classname="Tests.ProfileTesting" name="Register" time="0.0">
    <ignored/>
  </testcase> <!-- Register -->
  <testcase classname="Tests.ProfileTesting" name="ViewCartAfterAddingProduct" time="0.0">
    <ignored/>
  </testcase> <!-- ViewCartAfterAddingProduct -->
  <testcase classname="Tests.ProfileTesting" name="TopNav" time="0.0">
    <ignored/>
  </testcase> <!-- TopNav -->
  <testcase classname="Tests.ProfileTesting" name="AddToCart" time="0.0">
    <ignored/>
  </testcase> <!-- AddToCart -->
  <testcase classname="Tests.ProfileTesting" name="SortBy" time="0.0">
    <ignored/>
  </testcase> <!-- SortBy -->
  <testcase classname="Tests.ProfileTesting" name="SideNavProducts" time="0.0">
    <ignored/>
  </testcase> <!-- SideNavProducts -->
  <testcase classname="Tests.ProfileTesting" name="DecrementProductInCart" time="0.0">
    <ignored/>
  </testcase> <!-- DecrementProductInCart -->
  <testcase classname="Tests.ProfileTesting" name="SideNavSearch" time="0.0">
    <ignored/>
  </testcase> <!-- SideNavSearch -->
  <testcase classname="Tests.ProfileTesting" name="SideNavBrowse" time="0.0">
    <ignored/>
  </testcase> <!-- SideNavBrowse -->
  <testcase classname="Tests.ProfileTesting" name="ProductDetails" time="0.0">
    <ignored/>
  </testcase> <!-- ProductDetails -->
  <testcase classname="Tests.ProfileTesting" name="Checkout" time="0.0">
    <ignored/>
  </testcase> <!-- Checkout -->
</testsuite> <!-- Default test -->
